[debug] [2021-01-28T12:49:28.121Z] ----------------------------------------------------------------------
[debug] [2021-01-28T12:49:28.124Z] Command:       C:\Program Files\nodejs\node.exe C:\Users\kupts\AppData\Roaming\npm\node_modules\firebase-tools\lib\bin\firebase.js init
[debug] [2021-01-28T12:49:28.124Z] CLI Version:   9.2.2
[debug] [2021-01-28T12:49:28.124Z] Platform:      win32
[debug] [2021-01-28T12:49:28.124Z] Node Version:  v12.18.4
[debug] [2021-01-28T12:49:28.126Z] Time:          Thu Jan 28 2021 15:49:28 GMT+0300 (GMT+03:00)
[debug] [2021-01-28T12:49:28.126Z] ----------------------------------------------------------------------
[debug] [2021-01-28T12:49:28.126Z] 
[debug] [2021-01-28T12:49:28.129Z] >>> [apiv2][query] GET https://firebase-public.firebaseio.com/cli.json [none]
[debug] [2021-01-28T12:49:28.152Z] > command requires scopes: ["email","openid","https://www.googleapis.com/auth/cloudplatformprojects.readonly","https://www.googleapis.com/auth/firebase","https://www.googleapis.com/auth/cloud-platform"]
[debug] [2021-01-28T12:49:28.153Z] > authorizing via signed-in user
[info] 
     ######## #### ########  ######## ########     ###     ######  ########
     ##        ##  ##     ## ##       ##     ##  ##   ##  ##       ##
     ######    ##  ########  ######   ########  #########  ######  ######
     ##        ##  ##    ##  ##       ##     ## ##     ##       ## ##
     ##       #### ##     ## ######## ########  ##     ##  ######  ########

You're about to initialize a Firebase project in this directory:

  C:\Users\kupts\WebstormProjects\ALL VUE\vueresumecreator

[debug] [2021-01-28T12:49:28.655Z] <<< [apiv2][status] GET https://firebase-public.firebaseio.com/cli.json 200
[debug] [2021-01-28T12:49:28.656Z] <<< [apiv2][body] GET https://firebase-public.firebaseio.com/cli.json {"cloudBuildErrorAfter":1594252800000,"cloudBuildWarnAfter":1590019200000,"defaultNode10After":1594252800000,"minVersion":"3.0.5","node8DeploysDisabledAfter":1613390400000,"node8RuntimeDisabledAfter":1615809600000,"node8WarnAfter":1600128000000}
